2024-05-09 16:34:51;[INFO];[실행 명령어]: sh ./scripts/model/do_train.sh
2024-05-09 16:34:51;[INFO];[Config]
2024-05-09 16:34:51;[INFO];{'epochs': 10, 'train_batch_size': 4, 'valid_batch_size': 4, 'init_model_path': 'klue/bert-base', 'max_length': 512, 'need_birnn': 0, 'aspect_drop_ratio': 0.3, 'aspect_in_feature': 768, 'stop_patience': 3, 'train_fp': None, 'valid_fp': None, 'base_path': './ckpt/model/', 'label_info_file': 'meta.bin', 'out_model_path': 'pytorch_model.bin', 'cmd': 'sh ./scripts/model/do_train.sh'}
2024-05-09 16:34:51;[INFO];>>>>>>> Device Setting
2024-05-09 16:34:51;[INFO];Now using CPU
2024-05-09 16:34:51;[INFO];>>>>>>> Now setting Aspect Category Encoder
2024-05-09 16:35:45;[INFO];[실행 명령어]: sh ./scripts/model/do_train.sh
2024-05-09 16:35:45;[INFO];[Config]
2024-05-09 16:35:45;[INFO];{'epochs': 10, 'train_batch_size': 4, 'valid_batch_size': 4, 'init_model_path': 'klue/bert-base', 'max_length': 512, 'need_birnn': 0, 'aspect_drop_ratio': 0.3, 'aspect_in_feature': 768, 'stop_patience': 3, 'train_fp': None, 'valid_fp': None, 'base_path': './ckpt/model/', 'label_info_file': 'meta.bin', 'out_model_path': 'pytorch_model.bin', 'cmd': 'sh ./scripts/model/do_train.sh'}
2024-05-09 16:35:45;[INFO];>>>>>>> Device Setting
2024-05-09 16:35:45;[INFO];Now using CPU
2024-05-09 16:35:45;[INFO];>>>>>>> Now setting Aspect Category Encoder
2024-05-09 16:39:03;[INFO];[실행 명령어]: sh ./scripts/model/do_train.sh
2024-05-09 16:39:03;[INFO];[Config]
2024-05-09 16:39:03;[INFO];{'epochs': 10, 'train_batch_size': 4, 'valid_batch_size': 4, 'init_model_path': 'klue/bert-base', 'max_length': 512, 'need_birnn': 0, 'aspect_drop_ratio': 0.3, 'aspect_in_feature': 768, 'stop_patience': 3, 'train_fp': None, 'valid_fp': None, 'base_path': './ckpt/model/', 'label_info_file': 'meta.bin', 'out_model_path': 'pytorch_model.bin', 'cmd': 'sh ./scripts/model/do_train.sh'}
2024-05-09 16:39:03;[INFO];>>>>>>> Device Setting
2024-05-09 16:39:03;[INFO];Now using CPU
2024-05-09 16:39:03;[INFO];>>>>>>> Now setting Aspect Category Encoder
2024-05-09 16:41:00;[INFO];[실행 명령어]: sh ./scripts/model/do_train.sh
2024-05-09 16:41:00;[INFO];[Config]
2024-05-09 16:41:00;[INFO];{'epochs': 10, 'train_batch_size': 4, 'valid_batch_size': 4, 'init_model_path': 'klue/bert-base', 'max_length': 512, 'need_birnn': 0, 'aspect_drop_ratio': 0.3, 'aspect_in_feature': 768, 'stop_patience': 3, 'train_fp': None, 'valid_fp': None, 'base_path': './ckpt/model/', 'label_info_file': 'meta.bin', 'out_model_path': 'pytorch_model.bin', 'cmd': 'sh ./scripts/model/do_train.sh'}
2024-05-09 16:41:00;[INFO];>>>>>>> Device Setting
2024-05-09 16:41:00;[INFO];Now using CPU
2024-05-09 16:41:00;[INFO];>>>>>>> Now setting Aspect Category Encoder
2024-05-09 16:42:38;[INFO];[실행 명령어]: sh ./scripts/model/do_train.sh
2024-05-09 16:42:38;[INFO];[Config]
2024-05-09 16:42:38;[INFO];{'epochs': 10, 'train_batch_size': 4, 'valid_batch_size': 4, 'init_model_path': 'klue/bert-base', 'max_length': 512, 'need_birnn': 0, 'aspect_drop_ratio': 0.3, 'aspect_in_feature': 768, 'stop_patience': 3, 'train_fp': './resources/data/train/', 'valid_fp': './resources/data/valid/', 'base_path': './ckpt/model/', 'label_info_file': 'meta.bin', 'out_model_path': 'pytorch_model.bin', 'cmd': 'sh ./scripts/model/do_train.sh'}
2024-05-09 16:42:38;[INFO];>>>>>>> Device Setting
2024-05-09 16:42:38;[INFO];Now using CPU
2024-05-09 16:42:38;[INFO];>>>>>>> Now setting Aspect Category Encoder
2024-05-09 16:43:02;[INFO];[실행 명령어]: sh ./scripts/model/do_train.sh
2024-05-09 16:43:02;[INFO];[Config]
2024-05-09 16:43:02;[INFO];{'epochs': 10, 'train_batch_size': 4, 'valid_batch_size': 4, 'init_model_path': 'klue/bert-base', 'max_length': 512, 'need_birnn': 0, 'aspect_drop_ratio': 0.3, 'aspect_in_feature': 768, 'stop_patience': 3, 'train_fp': './resources/data/train/', 'valid_fp': './resources/data/valid/', 'base_path': './ckpt/model/', 'label_info_file': 'meta.bin', 'out_model_path': 'pytorch_model.bin', 'cmd': 'sh ./scripts/model/do_train.sh'}
2024-05-09 16:43:02;[INFO];>>>>>>> Device Setting
2024-05-09 16:43:02;[INFO];Now using CPU
2024-05-09 16:43:02;[INFO];>>>>>>> Now setting Aspect Category Encoder
2024-05-09 16:43:02;[INFO];>>>>>>> Now setting train/valid DataLoaders
2024-05-09 16:43:03;[DEBUG];Starting new HTTPS connection (1): huggingface.co:443
2024-05-09 16:43:03;[DEBUG];https://huggingface.co:443 "HEAD /klue/bert-base/resolve/main/vocab.txt HTTP/1.1" 200 0
2024-05-09 16:43:03;[DEBUG];https://huggingface.co:443 "HEAD /klue/bert-base/resolve/main/vocab.txt HTTP/1.1" 200 0
2024-05-09 16:43:03;[INFO];>>>>>>> Now setting Model Architecture
2024-05-09 16:43:04;[DEBUG];https://huggingface.co:443 "HEAD /klue/bert-base/resolve/main/config.json HTTP/1.1" 200 0
2024-05-09 16:43:05;[INFO];>>>>>>> Training Start!
2024-05-09 16:43:05;[INFO];[Now Epoch: 0]
2024-05-09 16:45:29;[INFO];[실행 명령어]: sh ./scripts/model/do_train.sh
2024-05-09 16:45:29;[INFO];[Config]
2024-05-09 16:45:29;[INFO];{'epochs': 10, 'train_batch_size': 4, 'valid_batch_size': 4, 'init_model_path': 'klue/bert-base', 'max_length': 512, 'need_birnn': 0, 'aspect_drop_ratio': 0.3, 'aspect_in_feature': 768, 'stop_patience': 3, 'train_fp': './resources/data/train/', 'valid_fp': './resources/data/valid/', 'base_path': './ckpt/model/', 'label_info_file': 'meta.bin', 'out_model_path': 'pytorch_model.bin', 'cmd': 'sh ./scripts/model/do_train.sh'}
2024-05-09 16:45:29;[INFO];>>>>>>> Device Setting
2024-05-09 16:45:29;[INFO];Now using CPU
2024-05-09 16:45:29;[INFO];>>>>>>> Now setting Aspect Category Encoder
2024-05-09 16:45:29;[INFO];>>>>>>> Now setting train/valid DataLoaders
2024-05-09 16:45:29;[DEBUG];Starting new HTTPS connection (1): huggingface.co:443
2024-05-09 16:45:29;[DEBUG];https://huggingface.co:443 "HEAD /klue/bert-base/resolve/main/vocab.txt HTTP/1.1" 200 0
2024-05-09 16:45:30;[DEBUG];https://huggingface.co:443 "HEAD /klue/bert-base/resolve/main/vocab.txt HTTP/1.1" 200 0
2024-05-09 16:45:30;[INFO];>>>>>>> Now setting Model Architecture
2024-05-09 16:45:30;[DEBUG];https://huggingface.co:443 "HEAD /klue/bert-base/resolve/main/config.json HTTP/1.1" 200 0
2024-05-09 16:45:31;[INFO];>>>>>>> Training Start!
2024-05-09 16:45:31;[INFO];[Now Epoch: 0]
2024-05-11 21:12:02;[INFO];[실행 명령어]: sh ./scripts/model/do_train.sh
2024-05-11 21:12:02;[INFO];[Config]
2024-05-11 21:12:02;[INFO];{'epochs': 10, 'train_batch_size': 4, 'valid_batch_size': 4, 'init_model_path': 'klue/bert-base', 'max_length': 512, 'need_birnn': 0, 'aspect_drop_ratio': 0.3, 'aspect_in_feature': 768, 'stop_patience': 3, 'train_fp': './resources/data/train/', 'valid_fp': './resources/data/valid/', 'base_path': './ckpt/model/', 'label_info_file': 'meta.bin', 'out_model_path': 'pytorch_model.bin', 'cmd': 'sh ./scripts/model/do_train.sh'}
2024-05-11 21:12:02;[INFO];>>>>>>> Device Setting
2024-05-11 21:12:02;[INFO];Now using CPU
2024-05-11 21:12:02;[INFO];>>>>>>> Now setting Aspect Category Encoder
2024-05-11 21:12:02;[INFO];>>>>>>> Now setting train/valid DataLoaders
2024-05-11 21:12:03;[DEBUG];Starting new HTTPS connection (1): huggingface.co:443
2024-05-11 21:12:03;[DEBUG];https://huggingface.co:443 "HEAD /klue/bert-base/resolve/main/vocab.txt HTTP/1.1" 200 0
2024-05-11 21:12:04;[DEBUG];https://huggingface.co:443 "HEAD /klue/bert-base/resolve/main/vocab.txt HTTP/1.1" 200 0
2024-05-11 21:12:04;[INFO];>>>>>>> Now setting Model Architecture
2024-05-11 21:12:04;[DEBUG];https://huggingface.co:443 "HEAD /klue/bert-base/resolve/main/config.json HTTP/1.1" 200 0
2024-05-11 21:12:06;[INFO];>>>>>>> Training Start!
2024-05-11 21:12:06;[INFO];[Now Epoch: 0]
2024-05-11 21:32:41;[INFO];[실행 명령어]: sh ./scripts/model/do_train.sh
2024-05-11 21:32:41;[INFO];[Config]
2024-05-11 21:32:41;[INFO];{'epochs': 10, 'train_batch_size': 4, 'valid_batch_size': 4, 'init_model_path': 'klue/bert-base', 'max_length': 512, 'need_birnn': 0, 'aspect_drop_ratio': 0.3, 'aspect_in_feature': 768, 'stop_patience': 3, 'train_fp': './resources/data/train/', 'valid_fp': './resources/data/valid/', 'base_path': './ckpt/model/', 'label_info_file': 'meta.bin', 'out_model_path': 'pytorch_model.bin', 'cmd': 'sh ./scripts/model/do_train.sh'}
2024-05-11 21:32:41;[INFO];>>>>>>> Device Setting
2024-05-11 21:32:41;[INFO];Now using CPU
2024-05-11 21:32:41;[INFO];>>>>>>> Now setting Aspect Category Encoder
2024-05-11 21:32:41;[INFO];>>>>>>> Now setting train/valid DataLoaders
2024-05-11 21:32:42;[DEBUG];Starting new HTTPS connection (1): huggingface.co:443
2024-05-11 21:32:42;[DEBUG];https://huggingface.co:443 "HEAD /klue/bert-base/resolve/main/vocab.txt HTTP/1.1" 200 0
2024-05-11 21:32:42;[DEBUG];https://huggingface.co:443 "HEAD /klue/bert-base/resolve/main/vocab.txt HTTP/1.1" 200 0
2024-05-11 21:32:43;[INFO];>>>>>>> Now setting Model Architecture
2024-05-11 21:32:43;[DEBUG];https://huggingface.co:443 "HEAD /klue/bert-base/resolve/main/config.json HTTP/1.1" 200 0
2024-05-11 21:32:45;[INFO];>>>>>>> Training Start!
2024-05-11 21:32:45;[INFO];[Now Epoch: 0]
2024-05-11 21:50:01;[INFO];*****eval metrics*****
2024-05-11 21:50:01;[INFO];eval_loss: 96.69565051794052
2024-05-11 21:50:01;[INFO];eval_runtime: 0:05:41.838496
2024-05-11 21:50:01;[INFO];eval_samples: 32
2024-05-11 21:50:01;[INFO];eval_samples_per_second: 0:00:10.682453
2024-05-11 21:50:01;[INFO];Aspect Accuracy: 0.67
2024-05-11 21:50:01;[INFO];Aspect f1score micro : 0.67
2024-05-11 21:50:01;[INFO];Aspect Accuracy Report:
2024-05-11 21:50:01;[INFO];               precision    recall  f1-score   support

         B-기타     0.0000    0.0000    0.0000        18
        B-디자인     0.0000    0.0000    0.0000        12
B-배터리를충전하는호환성     0.0000    0.0000    0.0000         3
      B-배터리용량     0.0000    0.0000    0.0000         2
        B-서비스     0.0000    0.0000    0.0000        24
         B-충전     0.0000    0.0000    0.0000        12
        B-휴대성     0.0000    0.0000    0.0000        20
         I-기타     0.0000    0.0000    0.0000       118
        I-디자인     0.0000    0.0000    0.0000        23
I-배터리를충전하는호환성     0.0000    0.0000    0.0000        11
      I-배터리용량     0.0000    0.0000    0.0000        26
        I-서비스     1.0000    0.0046    0.0091       219
         I-충전     0.0000    0.0000    0.0000        73
        I-휴대성     0.0000    0.0000    0.0000        95
            O     0.6341    1.0000    0.7761      1135

     accuracy                         0.6343      1791
    macro avg     0.1089    0.0670    0.0523      1791
 weighted avg     0.5241    0.6343    0.4929      1791

2024-05-11 21:50:01;[INFO];Train Loss = 142.3485962152481 Valid Loss = 96.69565051794052
2024-05-11 21:50:02;[INFO];[Now Epoch: 1]
2024-05-11 21:55:41;[INFO];[실행 명령어]: sh ./scripts_ocr/model/do_train.sh
2024-05-11 21:55:41;[INFO];[Config]
2024-05-11 21:55:41;[INFO];{'epochs': 10, 'train_batch_size': 4, 'valid_batch_size': 4, 'init_model_path': 'klue/bert-base', 'max_length': 512, 'need_birnn': 0, 'aspect_drop_ratio': 0.3, 'aspect_in_feature': 768, 'stop_patience': 3, 'train_fp': './resources_ocr/data/train/', 'valid_fp': './resources_ocr/data/valid/', 'base_path': './ckpt_ocr/model/', 'label_info_file': 'meta.bin', 'out_model_path': 'pytorch_model.bin', 'cmd': 'sh ./scripts_ocr/model/do_train.sh'}
2024-05-11 21:55:41;[INFO];>>>>>>> Device Setting
2024-05-11 21:55:41;[INFO];Now using CPU
2024-05-11 21:55:41;[INFO];>>>>>>> Now setting Aspect Category Encoder
2024-05-11 21:55:41;[INFO];>>>>>>> Now setting train/valid DataLoaders
2024-05-11 21:55:41;[DEBUG];Starting new HTTPS connection (1): huggingface.co:443
2024-05-11 21:55:42;[DEBUG];https://huggingface.co:443 "HEAD /klue/bert-base/resolve/main/vocab.txt HTTP/1.1" 200 0
2024-05-11 21:55:42;[DEBUG];https://huggingface.co:443 "HEAD /klue/bert-base/resolve/main/vocab.txt HTTP/1.1" 200 0
2024-05-11 21:55:42;[INFO];>>>>>>> Now setting Model Architecture
2024-05-11 21:55:43;[DEBUG];https://huggingface.co:443 "HEAD /klue/bert-base/resolve/main/config.json HTTP/1.1" 200 0
2024-05-11 21:55:44;[INFO];>>>>>>> Training Start!
2024-05-11 21:55:44;[INFO];[Now Epoch: 0]
2024-05-11 22:00:57;[INFO];[실행 명령어]: sh ./scripts_ocr/model/do_train.sh
2024-05-11 22:00:57;[INFO];[Config]
2024-05-11 22:00:57;[INFO];{'epochs': 10, 'train_batch_size': 4, 'valid_batch_size': 4, 'init_model_path': 'klue/bert-base', 'max_length': 512, 'need_birnn': 0, 'aspect_drop_ratio': 0.3, 'aspect_in_feature': 768, 'stop_patience': 3, 'train_fp': './resources_ocr/data/train/', 'valid_fp': './resources_ocr/data/valid/', 'base_path': './ckpt_ocr/model/', 'label_info_file': 'meta.bin', 'out_model_path': 'pytorch_model.bin', 'cmd': 'sh ./scripts_ocr/model/do_train.sh'}
2024-05-11 22:00:57;[INFO];>>>>>>> Device Setting
2024-05-11 22:00:57;[INFO];Now using CPU
2024-05-11 22:00:57;[INFO];>>>>>>> Now setting Aspect Category Encoder
2024-05-11 22:00:57;[INFO];>>>>>>> Now setting train/valid DataLoaders
2024-05-11 22:00:57;[DEBUG];Starting new HTTPS connection (1): huggingface.co:443
2024-05-11 22:00:58;[DEBUG];https://huggingface.co:443 "HEAD /klue/bert-base/resolve/main/vocab.txt HTTP/1.1" 200 0
2024-05-11 22:00:58;[DEBUG];https://huggingface.co:443 "HEAD /klue/bert-base/resolve/main/vocab.txt HTTP/1.1" 200 0
2024-05-11 22:00:58;[INFO];>>>>>>> Now setting Model Architecture
2024-05-11 22:00:59;[DEBUG];https://huggingface.co:443 "HEAD /klue/bert-base/resolve/main/config.json HTTP/1.1" 200 0
2024-05-11 22:01:00;[INFO];>>>>>>> Training Start!
2024-05-11 22:01:00;[INFO];[Now Epoch: 0]
